F:\VS2012\MYDRIVER1\MYDRIVER1\WIN7DEBUG\源.OBJ
F:\VS2012\MYDRIVER1\MYDRIVER1\WIN7DEBUG\VC110.PDB
F:\VS2012\MYDRIVER1\WIN7DEBUG\MYDRIVER1.SYS
F:\VS2012\MYDRIVER1\MYDRIVER1\WIN7DEBUG\MYDRIVER1.INF
F:\VS2012\MyDriver1\Win7Debug\MyDriver1.cer
F:\VS2012\MyDriver1\Win7Debug\MyDriver1.inf
F:\VS2012\MyDriver1\MyDriver1\Win7Debug\源.obj
F:\VS2012\MyDriver1\MyDriver1\Win7Debug\cl.command.1.tlog
F:\VS2012\MyDriver1\MyDriver1\Win7Debug\CL.read.1.tlog
F:\VS2012\MyDriver1\MyDriver1\Win7Debug\CL.write.1.tlog
F:\VS2012\MyDriver1\MyDriver1\Win7Debug\link.command.1.tlog
F:\VS2012\MyDriver1\MyDriver1\Win7Debug\link.read.1.tlog
F:\VS2012\MyDriver1\MyDriver1\Win7Debug\link.write.1.tlog
F:\VS2012\MyDriver1\MyDriver1\Win7Debug\signtool.command.1.tlog
F:\VS2012\MyDriver1\MyDriver1\Win7Debug\signtool.read.1.tlog
F:\VS2012\MyDriver1\MyDriver1\Win7Debug\signtool.write.1.tlog
F:\VS2012\MyDriver1\MyDriver1\Win7Debug\stampinf.command.1.tlog
F:\VS2012\MyDriver1\MyDriver1\Win7Debug\stampinf.read.1.tlog
F:\VS2012\MyDriver1\MyDriver1\Win7Debug\stampinf.write.1.tlog
F:\VS2012\MyDriver1\MyDriver1\Win7Debug\vc110.pdb
F:\VS2012\MyDriver1\Win7Debug\MyDriver1.pdb
